<?xml version="1.0" encoding="UTF-8"?>
<testng-results skipped="0" failed="0" ignored="0" total="4" passed="4">
  <reporter-output>
  </reporter-output>
  <suite name="Default suite" duration-ms="93456" started-at="2020-07-22T17:31:07Z" finished-at="2020-07-22T17:32:41Z">
    <groups>
    </groups>
    <test name="Default test" duration-ms="93456" started-at="2020-07-22T17:31:07Z" finished-at="2020-07-22T17:32:41Z">
      <class name="datadrivenExcel.Login">
        <test-method status="PASS" signature="loginwithbothcorrect(java.lang.String, java.lang.String)[pri:0, instance:datadrivenExcel.Login@8a2a6a]" name="loginwithbothcorrect" duration-ms="60409" started-at="2020-07-22T17:31:08Z" data-provider="logindata" finished-at="2020-07-22T17:32:09Z">
          <params>
            <param index="0">
              <value>
                <![CDATA[admin]]>
              </value>
            </param>
            <param index="1">
              <value>
                <![CDATA[admin]]>
              </value>
            </param>
          </params>
          <reporter-output>
          </reporter-output>
        </test-method> <!-- loginwithbothcorrect -->
        <test-method status="PASS" signature="loginwithbothcorrect(java.lang.String, java.lang.String)[pri:0, instance:datadrivenExcel.Login@8a2a6a]" name="loginwithbothcorrect" duration-ms="10605" started-at="2020-07-22T17:32:09Z" data-provider="logindata" finished-at="2020-07-22T17:32:19Z">
          <params>
            <param index="0">
              <value>
                <![CDATA[admin]]>
              </value>
            </param>
            <param index="1">
              <value>
                <![CDATA[admin2]]>
              </value>
            </param>
          </params>
          <reporter-output>
          </reporter-output>
        </test-method> <!-- loginwithbothcorrect -->
        <test-method status="PASS" signature="loginwithbothcorrect(java.lang.String, java.lang.String)[pri:0, instance:datadrivenExcel.Login@8a2a6a]" name="loginwithbothcorrect" duration-ms="11200" started-at="2020-07-22T17:32:19Z" data-provider="logindata" finished-at="2020-07-22T17:32:30Z">
          <params>
            <param index="0">
              <value>
                <![CDATA[Admin]]>
              </value>
            </param>
            <param index="1">
              <value>
                <![CDATA[admin]]>
              </value>
            </param>
          </params>
          <reporter-output>
          </reporter-output>
        </test-method> <!-- loginwithbothcorrect -->
        <test-method status="PASS" signature="loginwithbothcorrect(java.lang.String, java.lang.String)[pri:0, instance:datadrivenExcel.Login@8a2a6a]" name="loginwithbothcorrect" duration-ms="10459" started-at="2020-07-22T17:32:30Z" data-provider="logindata" finished-at="2020-07-22T17:32:41Z">
          <params>
            <param index="0">
              <value>
                <![CDATA[Admin1]]>
              </value>
            </param>
            <param index="1">
              <value>
                <![CDATA[admin]]>
              </value>
            </param>
          </params>
          <reporter-output>
          </reporter-output>
        </test-method> <!-- loginwithbothcorrect -->
      </class> <!-- datadrivenExcel.Login -->
    </test> <!-- Default test -->
  </suite> <!-- Default suite -->
</testng-results>
